Loading mkl version 2022.2.1
Loading tbb version 2021.7.1
Loading compiler-rt version 2022.2.1
srun: error: fat001: task 0: Out Of Memory
slurmstepd: error: Detected 1 oom-kill event(s) in StepId=94013.1. Some of your processes may have been killed by the cgroup out-of-memory handler.
srun: error: fat001: task 0: Out Of Memory
slurmstepd: error: Detected 1 oom-kill event(s) in StepId=94013.3. Some of your processes may have been killed by the cgroup out-of-memory handler.
srun: error: Unable to create step for job 94013: More processors requested than permitted
srun: error: Unable to create step for job 94013: More processors requested than permitted
srun: error: Unable to create step for job 94013: More processors requested than permitted
srun: error: Unable to create step for job 94013: More processors requested than permitted
srun: error: Unable to create step for job 94013: More processors requested than permitted
srun: error: Unable to create step for job 94013: More processors requested than permitted
srun: error: Unable to create step for job 94013: More processors requested than permitted
srun: error: Unable to create step for job 94013: More processors requested than permitted
srun: error: Unable to create step for job 94013: More processors requested than permitted
srun: error: Unable to create step for job 94013: More processors requested than permitted
srun: error: Unable to create step for job 94013: More processors requested than permitted
srun: error: Unable to create step for job 94013: More processors requested than permitted
srun: error: Unable to create step for job 94013: More processors requested than permitted
srun: error: Unable to create step for job 94013: More processors requested than permitted
srun: error: Unable to create step for job 94013: More processors requested than permitted
srun: error: Unable to create step for job 94013: More processors requested than permitted
srun: error: Unable to create step for job 94013: More processors requested than permitted
srun: error: Unable to create step for job 94013: More processors requested than permitted
srun: error: Unable to create step for job 94013: More processors requested than permitted
srun: error: Unable to create step for job 94013: More processors requested than permitted
srun: error: Unable to create step for job 94013: More processors requested than permitted
srun: error: Unable to create step for job 94013: More processors requested than permitted
srun: error: Unable to create step for job 94013: More processors requested than permitted
srun: error: Unable to create step for job 94013: More processors requested than permitted
srun: error: Unable to create step for job 94013: More processors requested than permitted
srun: error: Unable to create step for job 94013: More processors requested than permitted
srun: error: Unable to create step for job 94013: More processors requested than permitted
srun: error: Unable to create step for job 94013: More processors requested than permitted
srun: error: Unable to create step for job 94013: More processors requested than permitted
srun: error: Unable to create step for job 94013: More processors requested than permitted
srun: error: Unable to create step for job 94013: More processors requested than permitted
srun: error: Unable to create step for job 94013: More processors requested than permitted
srun: error: Unable to create step for job 94013: More processors requested than permitted
srun: error: Unable to create step for job 94013: More processors requested than permitted
srun: error: Unable to create step for job 94013: More processors requested than permitted
srun: error: Unable to create step for job 94013: More processors requested than permitted
srun: error: Unable to create step for job 94013: More processors requested than permitted
srun: error: Unable to create step for job 94013: More processors requested than permitted
srun: error: Unable to create step for job 94013: More processors requested than permitted
srun: error: Unable to create step for job 94013: More processors requested than permitted
srun: error: Unable to create step for job 94013: More processors requested than permitted
srun: error: Unable to create step for job 94013: More processors requested than permitted
srun: error: Unable to create step for job 94013: More processors requested than permitted
srun: error: Unable to create step for job 94013: More processors requested than permitted
srun: error: Unable to create step for job 94013: More processors requested than permitted
srun: error: Unable to create step for job 94013: More processors requested than permitted
srun: error: Unable to create step for job 94013: More processors requested than permitted
srun: error: Unable to create step for job 94013: More processors requested than permitted
srun: error: Unable to create step for job 94013: More processors requested than permitted
srun: error: Unable to create step for job 94013: More processors requested than permitted
srun: error: Unable to create step for job 94013: More processors requested than permitted
srun: error: Unable to create step for job 94013: More processors requested than permitted
srun: error: Unable to create step for job 94013: More processors requested than permitted
srun: error: Unable to create step for job 94013: More processors requested than permitted
srun: error: Unable to create step for job 94013: More processors requested than permitted
srun: error: Unable to create step for job 94013: More processors requested than permitted
srun: error: Unable to create step for job 94013: More processors requested than permitted
srun: error: Unable to create step for job 94013: More processors requested than permitted
srun: error: Unable to create step for job 94013: More processors requested than permitted
srun: error: Unable to create step for job 94013: More processors requested than permitted
srun: error: Unable to create step for job 94013: More processors requested than permitted
srun: error: Unable to create step for job 94013: More processors requested than permitted
srun: error: Unable to create step for job 94013: More processors requested than permitted
srun: error: Unable to create step for job 94013: More processors requested than permitted
srun: error: Unable to create step for job 94013: More processors requested than permitted
srun: error: Unable to create step for job 94013: More processors requested than permitted
srun: error: Unable to create step for job 94013: More processors requested than permitted
srun: error: Unable to create step for job 94013: More processors requested than permitted
srun: error: Unable to create step for job 94013: More processors requested than permitted
srun: error: Unable to create step for job 94013: More processors requested than permitted
srun: error: Unable to create step for job 94013: More processors requested than permitted
srun: error: Unable to create step for job 94013: More processors requested than permitted
srun: error: Unable to create step for job 94013: More processors requested than permitted
srun: error: Unable to create step for job 94013: More processors requested than permitted
srun: error: Unable to create step for job 94013: More processors requested than permitted
srun: error: Unable to create step for job 94013: More processors requested than permitted
srun: error: Unable to create step for job 94013: More processors requested than permitted
srun: error: Unable to create step for job 94013: More processors requested than permitted
srun: error: Unable to create step for job 94013: More processors requested than permitted
srun: error: Unable to create step for job 94013: More processors requested than permitted
srun: error: Unable to create step for job 94013: More processors requested than permitted
srun: error: Unable to create step for job 94013: More processors requested than permitted
srun: error: Unable to create step for job 94013: More processors requested than permitted
srun: error: Unable to create step for job 94013: More processors requested than permitted
srun: error: Unable to create step for job 94013: More processors requested than permitted
srun: error: Unable to create step for job 94013: More processors requested than permitted
srun: error: Unable to create step for job 94013: More processors requested than permitted
srun: error: Unable to create step for job 94013: More processors requested than permitted
srun: error: Unable to create step for job 94013: More processors requested than permitted
srun: error: Unable to create step for job 94013: More processors requested than permitted
srun: error: Unable to create step for job 94013: More processors requested than permitted
srun: error: Unable to create step for job 94013: More processors requested than permitted
srun: error: Unable to create step for job 94013: More processors requested than permitted
srun: error: Unable to create step for job 94013: More processors requested than permitted
srun: error: Unable to create step for job 94013: More processors requested than permitted
srun: error: Unable to create step for job 94013: More processors requested than permitted
srun: error: Unable to create step for job 94013: More processors requested than permitted
srun: error: Unable to create step for job 94013: More processors requested than permitted
srun: error: Unable to create step for job 94013: More processors requested than permitted
srun: error: Unable to create step for job 94013: More processors requested than permitted
srun: error: Unable to create step for job 94013: More processors requested than permitted
srun: error: Unable to create step for job 94013: More processors requested than permitted
srun: error: Unable to create step for job 94013: More processors requested than permitted
srun: error: Unable to create step for job 94013: More processors requested than permitted
