Removing mkl version 2022.2.1
Use `module list` to view any remaining dependent modules.
Loading mkl version 2022.2.1
srun: error: thin007: task 0: Out Of Memory
slurmstepd: error: Detected 1 oom-kill event(s) in StepId=93366.1. Some of your processes may have been killed by the cgroup out-of-memory handler.
srun: error: thin007: task 0: Out Of Memory
slurmstepd: error: Detected 1 oom-kill event(s) in StepId=93366.3. Some of your processes may have been killed by the cgroup out-of-memory handler.
srun: error: Unable to create step for job 93366: More processors requested than permitted
srun: error: Unable to create step for job 93366: More processors requested than permitted
srun: error: Unable to create step for job 93366: More processors requested than permitted
srun: error: Unable to create step for job 93366: More processors requested than permitted
srun: error: Unable to create step for job 93366: More processors requested than permitted
srun: error: Unable to create step for job 93366: More processors requested than permitted
srun: error: Unable to create step for job 93366: More processors requested than permitted
srun: error: Unable to create step for job 93366: More processors requested than permitted
srun: error: Unable to create step for job 93366: More processors requested than permitted
srun: error: Unable to create step for job 93366: More processors requested than permitted
srun: error: Unable to create step for job 93366: More processors requested than permitted
srun: error: Unable to create step for job 93366: More processors requested than permitted
srun: error: Unable to create step for job 93366: More processors requested than permitted
srun: error: Unable to create step for job 93366: More processors requested than permitted
srun: error: Unable to create step for job 93366: More processors requested than permitted
srun: error: Unable to create step for job 93366: More processors requested than permitted
srun: error: Unable to create step for job 93366: More processors requested than permitted
srun: error: Unable to create step for job 93366: More processors requested than permitted
srun: error: Unable to create step for job 93366: More processors requested than permitted
srun: error: Unable to create step for job 93366: More processors requested than permitted
srun: error: Unable to create step for job 93366: More processors requested than permitted
srun: error: Unable to create step for job 93366: More processors requested than permitted
srun: error: Unable to create step for job 93366: More processors requested than permitted
srun: error: Unable to create step for job 93366: More processors requested than permitted
srun: error: Unable to create step for job 93366: More processors requested than permitted
srun: error: Unable to create step for job 93366: More processors requested than permitted
srun: error: Unable to create step for job 93366: More processors requested than permitted
srun: error: Unable to create step for job 93366: More processors requested than permitted
srun: error: Unable to create step for job 93366: More processors requested than permitted
srun: error: Unable to create step for job 93366: More processors requested than permitted
srun: error: Unable to create step for job 93366: More processors requested than permitted
srun: error: Unable to create step for job 93366: More processors requested than permitted
srun: error: Unable to create step for job 93366: More processors requested than permitted
srun: error: Unable to create step for job 93366: More processors requested than permitted
srun: error: Unable to create step for job 93366: More processors requested than permitted
srun: error: Unable to create step for job 93366: More processors requested than permitted
srun: error: Unable to create step for job 93366: More processors requested than permitted
srun: error: Unable to create step for job 93366: More processors requested than permitted
srun: error: Unable to create step for job 93366: More processors requested than permitted
srun: error: Unable to create step for job 93366: More processors requested than permitted
srun: error: Unable to create step for job 93366: More processors requested than permitted
srun: error: Unable to create step for job 93366: More processors requested than permitted
srun: error: Unable to create step for job 93366: More processors requested than permitted
srun: error: Unable to create step for job 93366: More processors requested than permitted
srun: error: Unable to create step for job 93366: More processors requested than permitted
srun: error: Unable to create step for job 93366: More processors requested than permitted
srun: error: Unable to create step for job 93366: More processors requested than permitted
srun: error: Unable to create step for job 93366: More processors requested than permitted
srun: error: Unable to create step for job 93366: More processors requested than permitted
srun: error: Unable to create step for job 93366: More processors requested than permitted
srun: error: Unable to create step for job 93366: More processors requested than permitted
srun: error: Unable to create step for job 93366: More processors requested than permitted
srun: error: Unable to create step for job 93366: More processors requested than permitted
srun: error: Unable to create step for job 93366: More processors requested than permitted
srun: error: Unable to create step for job 93366: More processors requested than permitted
srun: error: Unable to create step for job 93366: More processors requested than permitted
srun: error: Unable to create step for job 93366: More processors requested than permitted
srun: error: Unable to create step for job 93366: More processors requested than permitted
srun: error: Unable to create step for job 93366: More processors requested than permitted
srun: error: Unable to create step for job 93366: More processors requested than permitted
srun: error: Unable to create step for job 93366: More processors requested than permitted
srun: error: Unable to create step for job 93366: More processors requested than permitted
srun: error: Unable to create step for job 93366: More processors requested than permitted
srun: error: Unable to create step for job 93366: More processors requested than permitted
srun: error: Unable to create step for job 93366: More processors requested than permitted
srun: error: Unable to create step for job 93366: More processors requested than permitted
srun: error: Unable to create step for job 93366: More processors requested than permitted
srun: error: Unable to create step for job 93366: More processors requested than permitted
srun: error: Unable to create step for job 93366: More processors requested than permitted
srun: error: Unable to create step for job 93366: More processors requested than permitted
srun: error: Unable to create step for job 93366: More processors requested than permitted
srun: error: Unable to create step for job 93366: More processors requested than permitted
srun: error: Unable to create step for job 93366: More processors requested than permitted
srun: error: Unable to create step for job 93366: More processors requested than permitted
srun: error: Unable to create step for job 93366: More processors requested than permitted
srun: error: Unable to create step for job 93366: More processors requested than permitted
srun: error: Unable to create step for job 93366: More processors requested than permitted
srun: error: Unable to create step for job 93366: More processors requested than permitted
srun: error: Unable to create step for job 93366: More processors requested than permitted
srun: error: Unable to create step for job 93366: More processors requested than permitted
srun: error: Unable to create step for job 93366: More processors requested than permitted
srun: error: Unable to create step for job 93366: More processors requested than permitted
srun: error: Unable to create step for job 93366: More processors requested than permitted
srun: error: Unable to create step for job 93366: More processors requested than permitted
srun: error: Unable to create step for job 93366: More processors requested than permitted
srun: error: Unable to create step for job 93366: More processors requested than permitted
srun: error: Unable to create step for job 93366: More processors requested than permitted
srun: error: Unable to create step for job 93366: More processors requested than permitted
srun: error: Unable to create step for job 93366: More processors requested than permitted
srun: error: Unable to create step for job 93366: More processors requested than permitted
srun: error: Unable to create step for job 93366: More processors requested than permitted
srun: error: Unable to create step for job 93366: More processors requested than permitted
srun: error: Unable to create step for job 93366: More processors requested than permitted
srun: error: Unable to create step for job 93366: More processors requested than permitted
srun: error: Unable to create step for job 93366: More processors requested than permitted
srun: error: Unable to create step for job 93366: More processors requested than permitted
srun: error: Unable to create step for job 93366: More processors requested than permitted
srun: error: Unable to create step for job 93366: More processors requested than permitted
srun: error: Unable to create step for job 93366: More processors requested than permitted
srun: error: Unable to create step for job 93366: More processors requested than permitted
srun: error: Unable to create step for job 93366: More processors requested than permitted
srun: error: Unable to create step for job 93366: More processors requested than permitted
srun: error: Unable to create step for job 93366: More processors requested than permitted
srun: error: Unable to create step for job 93366: More processors requested than permitted
