Loading mkl version 2022.2.1
Loading tbb version 2021.7.1
Loading compiler-rt version 2022.2.1
mkl float close 1\n
mkl double close 1\n
srun: error: thin002: task 0: Out Of Memory
slurmstepd: error: Detected 1 oom-kill event(s) in StepId=94025.1. Some of your processes may have been killed by the cgroup out-of-memory handler.
oblas float close 1\n
oblas double close 1\n
srun: error: thin002: task 0: Out Of Memory
slurmstepd: error: Detected 1 oom-kill event(s) in StepId=94025.3. Some of your processes may have been killed by the cgroup out-of-memory handler.
mkl float close 2\n
mkl double close 2\n
oblas float close 2\n
oblas double close 2\n
mkl float close 3\n
mkl double close 3\n
oblas float close 3\n
oblas double close 3\n
mkl float close 4\n
mkl double close 4\n
oblas float close 4\n
oblas double close 4\n
mkl float close 5\n
mkl double close 5\n
oblas float close 5\n
oblas double close 5\n
mkl float close 6\n
mkl double close 6\n
oblas float close 6\n
oblas double close 6\n
mkl float close 7\n
mkl double close 7\n
oblas float close 7\n
oblas double close 7\n
mkl float close 8\n
mkl double close 8\n
oblas float close 8\n
oblas double close 8\n
mkl float close 9\n
mkl double close 9\n
oblas float close 9\n
oblas double close 9\n
mkl float close 10\n
mkl double close 10\n
oblas float close 10\n
oblas double close 10\n
mkl float close 11\n
mkl double close 11\n
oblas float close 11\n
oblas double close 11\n
mkl float close 12\n
mkl double close 12\n
oblas float close 12\n
oblas double close 12\n
